2024-03-27 18:33:51 LogWrapper init() ./logs/EUR_CHF.log 
2024-03-27 18:33:51 {'n_ma': 12, 'n_std': 2.5, 'maxspread': 0.0004, 'mingain': 0.0014, 'riskreward': 1.5}
2024-03-27 18:33:52 CandleManager() init last_candle:last_candle:2024-03-27 13:02:00 is_ready:False
2024-03-27 18:34:03 CandleManager() new candle:last_candle:2024-03-27 13:03:00 is_ready:True
2024-03-27 18:34:04 tech_manager: max_rows:32 candle_time:2024-03-27 13:03:00+00:00 granularity:M1
2024-03-27 18:34:04 process_candles:
       PAIR                      time    mid_c    mid_o   SL   TP   SPREAD      GAIN  SIGNAL
26  EUR_CHF 2024-03-27 12:59:00+00:00  0.98102  0.98096  0.0  0.0  0.00015  0.000020       0
27  EUR_CHF 2024-03-27 13:00:00+00:00  0.98102  0.98101  0.0  0.0  0.00017  0.000010       0
28  EUR_CHF 2024-03-27 13:01:00+00:00  0.98104  0.98100  0.0  0.0  0.00015  0.000026       0
29  EUR_CHF 2024-03-27 13:02:00+00:00  0.98101  0.98106  0.0  0.0  0.00014  0.000002       0
30  EUR_CHF 2024-03-27 13:03:00+00:00  0.98101  0.98102  0.0  0.0  0.00016  0.000012       0
2024-03-27 18:35:04 CandleManager() new candle:last_candle:2024-03-27 13:04:00 is_ready:True
2024-03-27 18:35:05 tech_manager: max_rows:32 candle_time:2024-03-27 13:04:00+00:00 granularity:M1
2024-03-27 18:35:05 process_candles:
       PAIR                      time    mid_c    mid_o   SL   TP   SPREAD      GAIN  SIGNAL
26  EUR_CHF 2024-03-27 13:00:00+00:00  0.98102  0.98101  0.0  0.0  0.00017  0.000010       0
27  EUR_CHF 2024-03-27 13:01:00+00:00  0.98104  0.98100  0.0  0.0  0.00015  0.000026       0
28  EUR_CHF 2024-03-27 13:02:00+00:00  0.98101  0.98106  0.0  0.0  0.00014  0.000002       0
29  EUR_CHF 2024-03-27 13:03:00+00:00  0.98101  0.98102  0.0  0.0  0.00016  0.000012       0
30  EUR_CHF 2024-03-27 13:04:00+00:00  0.98101  0.98102  0.0  0.0  0.00016  0.000016       0
2024-03-27 18:36:17 CandleManager() new candle:last_candle:2024-03-27 13:05:00 is_ready:True
2024-03-27 18:36:19 tech_manager: max_rows:32 candle_time:2024-03-27 13:05:00+00:00 granularity:M1
2024-03-27 18:36:19 process_candles:
       PAIR                      time    mid_c    mid_o   SL   TP   SPREAD      GAIN  SIGNAL
26  EUR_CHF 2024-03-27 13:01:00+00:00  0.98104  0.98100  0.0  0.0  0.00015  0.000026       0
27  EUR_CHF 2024-03-27 13:02:00+00:00  0.98101  0.98106  0.0  0.0  0.00014  0.000002       0
28  EUR_CHF 2024-03-27 13:03:00+00:00  0.98101  0.98102  0.0  0.0  0.00016  0.000012       0
29  EUR_CHF 2024-03-27 13:04:00+00:00  0.98101  0.98102  0.0  0.0  0.00016  0.000016       0
30  EUR_CHF 2024-03-27 13:05:00+00:00  0.98104  0.98102  0.0  0.0  0.00013  0.000042       0
2024-03-27 18:37:18 CandleManager() new candle:last_candle:2024-03-27 13:06:00 is_ready:True
2024-03-27 18:37:19 tech_manager: max_rows:32 candle_time:2024-03-27 13:06:00+00:00 granularity:M1
2024-03-27 18:37:19 process_candles:
       PAIR                      time    mid_c    mid_o   SL   TP   SPREAD      GAIN  SIGNAL
26  EUR_CHF 2024-03-27 13:02:00+00:00  0.98101  0.98106  0.0  0.0  0.00014  0.000002       0
27  EUR_CHF 2024-03-27 13:03:00+00:00  0.98101  0.98102  0.0  0.0  0.00016  0.000012       0
28  EUR_CHF 2024-03-27 13:04:00+00:00  0.98101  0.98102  0.0  0.0  0.00016  0.000016       0
29  EUR_CHF 2024-03-27 13:05:00+00:00  0.98104  0.98102  0.0  0.0  0.00013  0.000042       0
30  EUR_CHF 2024-03-27 13:06:00+00:00  0.98106  0.98105  0.0  0.0  0.00016  0.000056       0
2024-03-27 18:38:05 CandleManager() new candle:last_candle:2024-03-27 13:07:00 is_ready:True
2024-03-27 18:38:07 tech_manager: max_rows:32 candle_time:2024-03-27 13:07:00+00:00 granularity:M1
2024-03-27 18:38:07 process_candles:
       PAIR                      time    mid_c    mid_o   SL   TP   SPREAD      GAIN  SIGNAL
26  EUR_CHF 2024-03-27 13:03:00+00:00  0.98101  0.98102  0.0  0.0  0.00016  0.000012       0
27  EUR_CHF 2024-03-27 13:04:00+00:00  0.98101  0.98102  0.0  0.0  0.00016  0.000016       0
28  EUR_CHF 2024-03-27 13:05:00+00:00  0.98104  0.98102  0.0  0.0  0.00013  0.000042       0
29  EUR_CHF 2024-03-27 13:06:00+00:00  0.98106  0.98105  0.0  0.0  0.00016  0.000056       0
30  EUR_CHF 2024-03-27 13:07:00+00:00  0.98108  0.98106  0.0  0.0  0.00017  0.000076       0
2024-03-27 18:39:06 CandleManager() new candle:last_candle:2024-03-27 13:08:00 is_ready:True
2024-03-27 18:39:07 tech_manager: max_rows:32 candle_time:2024-03-27 13:08:00+00:00 granularity:M1
2024-03-27 18:39:07 process_candles:
       PAIR                      time    mid_c    mid_o   SL   TP   SPREAD      GAIN  SIGNAL
26  EUR_CHF 2024-03-27 13:04:00+00:00  0.98101  0.98102  0.0  0.0  0.00016  0.000016       0
27  EUR_CHF 2024-03-27 13:05:00+00:00  0.98104  0.98102  0.0  0.0  0.00013  0.000042       0
28  EUR_CHF 2024-03-27 13:06:00+00:00  0.98106  0.98105  0.0  0.0  0.00016  0.000056       0
29  EUR_CHF 2024-03-27 13:07:00+00:00  0.98108  0.98106  0.0  0.0  0.00017  0.000076       0
30  EUR_CHF 2024-03-27 13:08:00+00:00  0.98112  0.98109  0.0  0.0  0.00017  0.000105       0
2024-03-27 18:40:18 CandleManager() new candle:last_candle:2024-03-27 13:09:00 is_ready:True
2024-03-27 18:40:19 tech_manager: max_rows:32 candle_time:2024-03-27 13:09:00+00:00 granularity:M1
2024-03-27 18:40:19 process_candles:
       PAIR                      time    mid_c    mid_o   SL   TP   SPREAD      GAIN  SIGNAL
26  EUR_CHF 2024-03-27 13:05:00+00:00  0.98104  0.98102  0.0  0.0  0.00013  0.000042       0
27  EUR_CHF 2024-03-27 13:06:00+00:00  0.98106  0.98105  0.0  0.0  0.00016  0.000056       0
28  EUR_CHF 2024-03-27 13:07:00+00:00  0.98108  0.98106  0.0  0.0  0.00017  0.000076       0
29  EUR_CHF 2024-03-27 13:08:00+00:00  0.98112  0.98109  0.0  0.0  0.00017  0.000105       0
30  EUR_CHF 2024-03-27 13:09:00+00:00  0.98114  0.98114  0.0  0.0  0.00017  0.000102       0
2024-03-27 18:41:05 CandleManager() new candle:last_candle:2024-03-27 13:10:00 is_ready:True
2024-03-27 18:41:07 tech_manager: max_rows:32 candle_time:2024-03-27 13:10:00+00:00 granularity:M1
2024-03-27 18:41:07 process_candles:
       PAIR                      time    mid_c    mid_o   SL   TP   SPREAD      GAIN  SIGNAL
26  EUR_CHF 2024-03-27 13:06:00+00:00  0.98106  0.98105  0.0  0.0  0.00016  0.000056       0
27  EUR_CHF 2024-03-27 13:07:00+00:00  0.98108  0.98106  0.0  0.0  0.00017  0.000076       0
28  EUR_CHF 2024-03-27 13:08:00+00:00  0.98112  0.98109  0.0  0.0  0.00017  0.000105       0
29  EUR_CHF 2024-03-27 13:09:00+00:00  0.98114  0.98114  0.0  0.0  0.00017  0.000102       0
30  EUR_CHF 2024-03-27 13:10:00+00:00  0.98112  0.98114  0.0  0.0  0.00013  0.000065       0
2024-03-27 18:42:06 CandleManager() new candle:last_candle:2024-03-27 13:11:00 is_ready:True
2024-03-27 18:42:07 tech_manager: max_rows:32 candle_time:2024-03-27 13:11:00+00:00 granularity:M1
2024-03-27 18:42:07 process_candles:
       PAIR                      time    mid_c    mid_o   SL   TP   SPREAD      GAIN  SIGNAL
26  EUR_CHF 2024-03-27 13:07:00+00:00  0.98108  0.98106  0.0  0.0  0.00017  0.000076       0
27  EUR_CHF 2024-03-27 13:08:00+00:00  0.98112  0.98109  0.0  0.0  0.00017  0.000105       0
28  EUR_CHF 2024-03-27 13:09:00+00:00  0.98114  0.98114  0.0  0.0  0.00017  0.000102       0
29  EUR_CHF 2024-03-27 13:10:00+00:00  0.98112  0.98114  0.0  0.0  0.00013  0.000065       0
30  EUR_CHF 2024-03-27 13:11:00+00:00  0.98109  0.98110  0.0  0.0  0.00014  0.000029       0
2024-03-27 18:43:06 CandleManager() new candle:last_candle:2024-03-27 13:12:00 is_ready:True
2024-03-27 18:43:08 tech_manager: max_rows:32 candle_time:2024-03-27 13:12:00+00:00 granularity:M1
2024-03-27 18:43:08 process_candles:
       PAIR                      time    mid_c    mid_o        SL        TP   SPREAD      GAIN  SIGNAL
26  EUR_CHF 2024-03-27 13:08:00+00:00  0.98112  0.98109  0.000000  0.000000  0.00017  0.000105       0
27  EUR_CHF 2024-03-27 13:09:00+00:00  0.98114  0.98114  0.000000  0.000000  0.00017  0.000102       0
28  EUR_CHF 2024-03-27 13:10:00+00:00  0.98112  0.98114  0.000000  0.000000  0.00013  0.000065       0
29  EUR_CHF 2024-03-27 13:11:00+00:00  0.98109  0.98110  0.000000  0.000000  0.00014  0.000029       0
30  EUR_CHF 2024-03-27 13:12:00+00:00  0.98091  0.98105  0.980812  0.981056  0.00014  0.000146       1
2024-03-27 18:43:08 Place Trade:TradeDecision(): EUR_CHF dir:1 gain:0.0001 sl:0.9808 tp:0.9811
2024-03-27 18:43:09 Trade placed:63 for TradeDecision(): EUR_CHF dir:1 gain:0.0001 sl:0.9808 tp:0.9811
2024-03-27 18:44:08 CandleManager() new candle:last_candle:2024-03-27 13:13:00 is_ready:True
2024-03-27 18:44:09 tech_manager: max_rows:32 candle_time:2024-03-27 13:13:00+00:00 granularity:M1
2024-03-27 18:44:09 process_candles:
       PAIR                      time    mid_c    mid_o        SL        TP   SPREAD      GAIN  SIGNAL
26  EUR_CHF 2024-03-27 13:09:00+00:00  0.98114  0.98114  0.000000  0.000000  0.00017  0.000102       0
27  EUR_CHF 2024-03-27 13:10:00+00:00  0.98112  0.98114  0.000000  0.000000  0.00013  0.000065       0
28  EUR_CHF 2024-03-27 13:11:00+00:00  0.98109  0.98110  0.000000  0.000000  0.00014  0.000029       0
29  EUR_CHF 2024-03-27 13:12:00+00:00  0.98091  0.98105  0.980812  0.981056  0.00014  0.000146       1
30  EUR_CHF 2024-03-27 13:13:00+00:00  0.98092  0.98090  0.000000  0.000000  0.00015  0.000127       0
2024-03-27 18:45:08 CandleManager() new candle:last_candle:2024-03-27 13:14:00 is_ready:True
2024-03-27 18:45:09 tech_manager: max_rows:32 candle_time:2024-03-27 13:14:00+00:00 granularity:M1
2024-03-27 18:45:10 process_candles:
       PAIR                      time    mid_c    mid_o        SL        TP   SPREAD      GAIN  SIGNAL
26  EUR_CHF 2024-03-27 13:10:00+00:00  0.98112  0.98114  0.000000  0.000000  0.00013  0.000065       0
27  EUR_CHF 2024-03-27 13:11:00+00:00  0.98109  0.98110  0.000000  0.000000  0.00014  0.000029       0
28  EUR_CHF 2024-03-27 13:12:00+00:00  0.98091  0.98105  0.980812  0.981056  0.00014  0.000146       1
29  EUR_CHF 2024-03-27 13:13:00+00:00  0.98092  0.98090  0.000000  0.000000  0.00015  0.000127       0
30  EUR_CHF 2024-03-27 13:14:00+00:00  0.98086  0.98093  0.000000  0.000000  0.00013  0.000174       0
2024-03-27 18:46:08 CandleManager() new candle:last_candle:2024-03-27 13:15:00 is_ready:True
2024-03-27 18:46:09 tech_manager: max_rows:32 candle_time:2024-03-27 13:15:00+00:00 granularity:M1
2024-03-27 18:46:10 process_candles:
       PAIR                      time    mid_c    mid_o        SL        TP   SPREAD      GAIN  SIGNAL
26  EUR_CHF 2024-03-27 13:11:00+00:00  0.98109  0.98110  0.000000  0.000000  0.00014  0.000029       0
27  EUR_CHF 2024-03-27 13:12:00+00:00  0.98091  0.98105  0.980812  0.981056  0.00014  0.000146       1
28  EUR_CHF 2024-03-27 13:13:00+00:00  0.98092  0.98090  0.000000  0.000000  0.00015  0.000127       0
29  EUR_CHF 2024-03-27 13:14:00+00:00  0.98086  0.98093  0.000000  0.000000  0.00013  0.000174       0
30  EUR_CHF 2024-03-27 13:15:00+00:00  0.98080  0.98086  0.000000  0.000000  0.00015  0.000217       0
2024-03-27 18:47:08 CandleManager() new candle:last_candle:2024-03-27 13:16:00 is_ready:True
2024-03-27 18:47:10 tech_manager: max_rows:32 candle_time:2024-03-27 13:16:00+00:00 granularity:M1
2024-03-27 18:47:11 process_candles:
       PAIR                      time    mid_c    mid_o        SL        TP   SPREAD      GAIN  SIGNAL
26  EUR_CHF 2024-03-27 13:12:00+00:00  0.98091  0.98105  0.980812  0.981056  0.00014  0.000146       1
27  EUR_CHF 2024-03-27 13:13:00+00:00  0.98092  0.98090  0.000000  0.000000  0.00015  0.000127       0
28  EUR_CHF 2024-03-27 13:14:00+00:00  0.98086  0.98093  0.000000  0.000000  0.00013  0.000174       0
29  EUR_CHF 2024-03-27 13:15:00+00:00  0.98080  0.98086  0.000000  0.000000  0.00015  0.000217       0
30  EUR_CHF 2024-03-27 13:16:00+00:00  0.98076  0.98074  0.000000  0.000000  0.00013  0.000237       0
2024-03-27 18:48:11 CandleManager() new candle:last_candle:2024-03-27 13:17:00 is_ready:True
2024-03-27 18:48:12 tech_manager: max_rows:32 candle_time:2024-03-27 13:17:00+00:00 granularity:M1
2024-03-27 18:48:13 process_candles:
       PAIR                      time    mid_c    mid_o   SL   TP   SPREAD      GAIN  SIGNAL
27  EUR_CHF 2024-03-27 13:13:00+00:00  0.98092  0.98090  0.0  0.0  0.00015  0.000127       0
28  EUR_CHF 2024-03-27 13:14:00+00:00  0.98086  0.98093  0.0  0.0  0.00013  0.000174       0
29  EUR_CHF 2024-03-27 13:15:00+00:00  0.98080  0.98086  0.0  0.0  0.00015  0.000217       0
30  EUR_CHF 2024-03-27 13:16:00+00:00  0.98076  0.98074  0.0  0.0  0.00013  0.000237       0
31  EUR_CHF 2024-03-27 13:17:00+00:00  0.98072  0.98074  0.0  0.0  0.00015  0.000253       0
