2024-03-27 18:33:51 LogWrapper init() ./logs/EUR_GBP.log 
2024-03-27 18:33:51 {'n_ma': 12, 'n_std': 2.5, 'maxspread': 0.0004, 'mingain': 0.0014, 'riskreward': 1.5}
2024-03-27 18:33:52 CandleManager() init last_candle:last_candle:2024-03-27 13:02:00 is_ready:False
2024-03-27 18:34:17 CandleManager() new candle:last_candle:2024-03-27 13:03:00 is_ready:True
2024-03-27 18:34:18 tech_manager: max_rows:32 candle_time:2024-03-27 13:03:00+00:00 granularity:M1
2024-03-27 18:34:18 process_candles:
       PAIR                      time    mid_c    mid_o        SL       TP   SPREAD      GAIN  SIGNAL
26  EUR_GBP 2024-03-27 12:59:00+00:00  0.85749  0.85732  0.857617  0.85730  0.00012  0.000190      -1
27  EUR_GBP 2024-03-27 13:00:00+00:00  0.85761  0.85752  0.857803  0.85732  0.00014  0.000290      -1
28  EUR_GBP 2024-03-27 13:01:00+00:00  0.85751  0.85763  0.000000  0.00000  0.00012  0.000173       0
29  EUR_GBP 2024-03-27 13:02:00+00:00  0.85751  0.85751  0.000000  0.00000  0.00012  0.000151       0
30  EUR_GBP 2024-03-27 13:03:00+00:00  0.85752  0.85750  0.000000  0.00000  0.00013  0.000140       0
2024-03-27 18:35:05 CandleManager() new candle:last_candle:2024-03-27 13:04:00 is_ready:True
2024-03-27 18:35:06 tech_manager: max_rows:32 candle_time:2024-03-27 13:04:00+00:00 granularity:M1
2024-03-27 18:35:06 process_candles:
       PAIR                      time    mid_c    mid_o        SL       TP   SPREAD      GAIN  SIGNAL
26  EUR_GBP 2024-03-27 13:00:00+00:00  0.85761  0.85752  0.857803  0.85732  0.00014  0.000290      -1
27  EUR_GBP 2024-03-27 13:01:00+00:00  0.85751  0.85763  0.000000  0.00000  0.00012  0.000173       0
28  EUR_GBP 2024-03-27 13:02:00+00:00  0.85751  0.85751  0.000000  0.00000  0.00012  0.000151       0
29  EUR_GBP 2024-03-27 13:03:00+00:00  0.85752  0.85750  0.000000  0.00000  0.00013  0.000140       0
30  EUR_GBP 2024-03-27 13:04:00+00:00  0.85761  0.85750  0.000000  0.00000  0.00014  0.000206       0
2024-03-27 18:36:05 CandleManager() new candle:last_candle:2024-03-27 13:05:00 is_ready:True
2024-03-27 18:36:06 tech_manager: max_rows:32 candle_time:2024-03-27 13:05:00+00:00 granularity:M1
2024-03-27 18:36:07 process_candles:
       PAIR                      time    mid_c    mid_o   SL   TP   SPREAD      GAIN  SIGNAL
26  EUR_GBP 2024-03-27 13:01:00+00:00  0.85751  0.85763  0.0  0.0  0.00012  0.000173       0
27  EUR_GBP 2024-03-27 13:02:00+00:00  0.85751  0.85751  0.0  0.0  0.00012  0.000151       0
28  EUR_GBP 2024-03-27 13:03:00+00:00  0.85752  0.85750  0.0  0.0  0.00013  0.000140       0
29  EUR_GBP 2024-03-27 13:04:00+00:00  0.85761  0.85750  0.0  0.0  0.00014  0.000206       0
30  EUR_GBP 2024-03-27 13:05:00+00:00  0.85762  0.85762  0.0  0.0  0.00013  0.000188       0
2024-03-27 18:37:06 CandleManager() new candle:last_candle:2024-03-27 13:06:00 is_ready:True
2024-03-27 18:37:07 tech_manager: max_rows:32 candle_time:2024-03-27 13:06:00+00:00 granularity:M1
2024-03-27 18:37:07 process_candles:
       PAIR                      time    mid_c    mid_o   SL   TP   SPREAD      GAIN  SIGNAL
26  EUR_GBP 2024-03-27 13:02:00+00:00  0.85751  0.85751  0.0  0.0  0.00012  0.000151       0
27  EUR_GBP 2024-03-27 13:03:00+00:00  0.85752  0.85750  0.0  0.0  0.00013  0.000140       0
28  EUR_GBP 2024-03-27 13:04:00+00:00  0.85761  0.85750  0.0  0.0  0.00014  0.000206       0
29  EUR_GBP 2024-03-27 13:05:00+00:00  0.85762  0.85762  0.0  0.0  0.00013  0.000188       0
30  EUR_GBP 2024-03-27 13:06:00+00:00  0.85762  0.85763  0.0  0.0  0.00013  0.000161       0
2024-03-27 18:38:06 CandleManager() new candle:last_candle:2024-03-27 13:07:00 is_ready:True
2024-03-27 18:38:08 tech_manager: max_rows:32 candle_time:2024-03-27 13:07:00+00:00 granularity:M1
2024-03-27 18:38:08 process_candles:
       PAIR                      time    mid_c    mid_o   SL   TP   SPREAD      GAIN  SIGNAL
26  EUR_GBP 2024-03-27 13:03:00+00:00  0.85752  0.85750  0.0  0.0  0.00013  0.000140       0
27  EUR_GBP 2024-03-27 13:04:00+00:00  0.85761  0.85750  0.0  0.0  0.00014  0.000206       0
28  EUR_GBP 2024-03-27 13:05:00+00:00  0.85762  0.85762  0.0  0.0  0.00013  0.000188       0
29  EUR_GBP 2024-03-27 13:06:00+00:00  0.85762  0.85763  0.0  0.0  0.00013  0.000161       0
30  EUR_GBP 2024-03-27 13:07:00+00:00  0.85768  0.85763  0.0  0.0  0.00013  0.000193       0
2024-03-27 18:39:06 CandleManager() new candle:last_candle:2024-03-27 13:08:00 is_ready:True
2024-03-27 18:39:08 tech_manager: max_rows:32 candle_time:2024-03-27 13:08:00+00:00 granularity:M1
2024-03-27 18:39:08 process_candles:
       PAIR                      time    mid_c    mid_o   SL   TP   SPREAD      GAIN  SIGNAL
26  EUR_GBP 2024-03-27 13:04:00+00:00  0.85761  0.85750  0.0  0.0  0.00014  0.000206       0
27  EUR_GBP 2024-03-27 13:05:00+00:00  0.85762  0.85762  0.0  0.0  0.00013  0.000188       0
28  EUR_GBP 2024-03-27 13:06:00+00:00  0.85762  0.85763  0.0  0.0  0.00013  0.000161       0
29  EUR_GBP 2024-03-27 13:07:00+00:00  0.85768  0.85763  0.0  0.0  0.00013  0.000193       0
30  EUR_GBP 2024-03-27 13:08:00+00:00  0.85766  0.85768  0.0  0.0  0.00013  0.000136       0
2024-03-27 18:40:19 CandleManager() new candle:last_candle:2024-03-27 13:09:00 is_ready:True
2024-03-27 18:40:19 tech_manager: max_rows:32 candle_time:2024-03-27 13:09:00+00:00 granularity:M1
2024-03-27 18:40:20 process_candles:
       PAIR                      time    mid_c    mid_o   SL   TP   SPREAD      GAIN  SIGNAL
26  EUR_GBP 2024-03-27 13:05:00+00:00  0.85762  0.85762  0.0  0.0  0.00013  0.000188       0
27  EUR_GBP 2024-03-27 13:06:00+00:00  0.85762  0.85763  0.0  0.0  0.00013  0.000161       0
28  EUR_GBP 2024-03-27 13:07:00+00:00  0.85768  0.85763  0.0  0.0  0.00013  0.000193       0
29  EUR_GBP 2024-03-27 13:08:00+00:00  0.85766  0.85768  0.0  0.0  0.00013  0.000136       0
30  EUR_GBP 2024-03-27 13:09:00+00:00  0.85768  0.85767  0.0  0.0  0.00012  0.000123       0
2024-03-27 18:41:06 CandleManager() new candle:last_candle:2024-03-27 13:10:00 is_ready:True
2024-03-27 18:41:08 tech_manager: max_rows:32 candle_time:2024-03-27 13:10:00+00:00 granularity:M1
2024-03-27 18:41:08 process_candles:
       PAIR                      time    mid_c    mid_o   SL   TP   SPREAD      GAIN  SIGNAL
26  EUR_GBP 2024-03-27 13:06:00+00:00  0.85762  0.85763  0.0  0.0  0.00013  0.000161       0
27  EUR_GBP 2024-03-27 13:07:00+00:00  0.85768  0.85763  0.0  0.0  0.00013  0.000193       0
28  EUR_GBP 2024-03-27 13:08:00+00:00  0.85766  0.85768  0.0  0.0  0.00013  0.000136       0
29  EUR_GBP 2024-03-27 13:09:00+00:00  0.85768  0.85767  0.0  0.0  0.00012  0.000123       0
30  EUR_GBP 2024-03-27 13:10:00+00:00  0.85764  0.85768  0.0  0.0  0.00014  0.000053       0
2024-03-27 18:42:07 CandleManager() new candle:last_candle:2024-03-27 13:11:00 is_ready:True
2024-03-27 18:42:08 tech_manager: max_rows:32 candle_time:2024-03-27 13:11:00+00:00 granularity:M1
2024-03-27 18:42:08 process_candles:
       PAIR                      time    mid_c    mid_o   SL   TP   SPREAD      GAIN  SIGNAL
26  EUR_GBP 2024-03-27 13:07:00+00:00  0.85768  0.85763  0.0  0.0  0.00013  0.000193       0
27  EUR_GBP 2024-03-27 13:08:00+00:00  0.85766  0.85768  0.0  0.0  0.00013  0.000136       0
28  EUR_GBP 2024-03-27 13:09:00+00:00  0.85768  0.85767  0.0  0.0  0.00012  0.000123       0
29  EUR_GBP 2024-03-27 13:10:00+00:00  0.85764  0.85768  0.0  0.0  0.00014  0.000053       0
30  EUR_GBP 2024-03-27 13:11:00+00:00  0.85766  0.85763  0.0  0.0  0.00013  0.000056       0
2024-03-27 18:43:07 CandleManager() new candle:last_candle:2024-03-27 13:12:00 is_ready:True
2024-03-27 18:43:10 tech_manager: max_rows:32 candle_time:2024-03-27 13:12:00+00:00 granularity:M1
2024-03-27 18:43:10 process_candles:
       PAIR                      time    mid_c    mid_o   SL   TP   SPREAD      GAIN  SIGNAL
26  EUR_GBP 2024-03-27 13:08:00+00:00  0.85766  0.85768  0.0  0.0  0.00013  0.000136       0
27  EUR_GBP 2024-03-27 13:09:00+00:00  0.85768  0.85767  0.0  0.0  0.00012  0.000123       0
28  EUR_GBP 2024-03-27 13:10:00+00:00  0.85764  0.85768  0.0  0.0  0.00014  0.000053       0
29  EUR_GBP 2024-03-27 13:11:00+00:00  0.85766  0.85763  0.0  0.0  0.00013  0.000056       0
30  EUR_GBP 2024-03-27 13:12:00+00:00  0.85768  0.85766  0.0  0.0  0.00013  0.000066       0
2024-03-27 18:44:09 CandleManager() new candle:last_candle:2024-03-27 13:13:00 is_ready:True
2024-03-27 18:44:10 tech_manager: max_rows:32 candle_time:2024-03-27 13:13:00+00:00 granularity:M1
2024-03-27 18:44:10 process_candles:
       PAIR                      time    mid_c    mid_o   SL   TP   SPREAD      GAIN  SIGNAL
26  EUR_GBP 2024-03-27 13:09:00+00:00  0.85768  0.85767  0.0  0.0  0.00012  0.000123       0
27  EUR_GBP 2024-03-27 13:10:00+00:00  0.85764  0.85768  0.0  0.0  0.00014  0.000053       0
28  EUR_GBP 2024-03-27 13:11:00+00:00  0.85766  0.85763  0.0  0.0  0.00013  0.000056       0
29  EUR_GBP 2024-03-27 13:12:00+00:00  0.85768  0.85766  0.0  0.0  0.00013  0.000066       0
30  EUR_GBP 2024-03-27 13:13:00+00:00  0.85760  0.85768  0.0  0.0  0.00013  0.000021       0
2024-03-27 18:45:09 CandleManager() new candle:last_candle:2024-03-27 13:14:00 is_ready:True
2024-03-27 18:45:10 tech_manager: max_rows:32 candle_time:2024-03-27 13:14:00+00:00 granularity:M1
2024-03-27 18:45:11 process_candles:
       PAIR                      time    mid_c    mid_o   SL   TP   SPREAD      GAIN  SIGNAL
26  EUR_GBP 2024-03-27 13:10:00+00:00  0.85764  0.85768  0.0  0.0  0.00014  0.000053       0
27  EUR_GBP 2024-03-27 13:11:00+00:00  0.85766  0.85763  0.0  0.0  0.00013  0.000056       0
28  EUR_GBP 2024-03-27 13:12:00+00:00  0.85768  0.85766  0.0  0.0  0.00013  0.000066       0
29  EUR_GBP 2024-03-27 13:13:00+00:00  0.85760  0.85768  0.0  0.0  0.00013  0.000021       0
30  EUR_GBP 2024-03-27 13:14:00+00:00  0.85762  0.85761  0.0  0.0  0.00014  0.000010       0
2024-03-27 18:46:09 CandleManager() new candle:last_candle:2024-03-27 13:15:00 is_ready:True
2024-03-27 18:46:10 tech_manager: max_rows:32 candle_time:2024-03-27 13:15:00+00:00 granularity:M1
2024-03-27 18:46:11 process_candles:
       PAIR                      time    mid_c    mid_o   SL   TP   SPREAD      GAIN  SIGNAL
26  EUR_GBP 2024-03-27 13:11:00+00:00  0.85766  0.85763  0.0  0.0  0.00013  0.000056       0
27  EUR_GBP 2024-03-27 13:12:00+00:00  0.85768  0.85766  0.0  0.0  0.00013  0.000066       0
28  EUR_GBP 2024-03-27 13:13:00+00:00  0.85760  0.85768  0.0  0.0  0.00013  0.000021       0
29  EUR_GBP 2024-03-27 13:14:00+00:00  0.85762  0.85761  0.0  0.0  0.00014  0.000010       0
30  EUR_GBP 2024-03-27 13:15:00+00:00  0.85764  0.85762  0.0  0.0  0.00014  0.000001       0
2024-03-27 18:47:09 CandleManager() new candle:last_candle:2024-03-27 13:16:00 is_ready:True
2024-03-27 18:47:12 tech_manager: max_rows:32 candle_time:2024-03-27 13:16:00+00:00 granularity:M1
2024-03-27 18:47:12 process_candles:
       PAIR                      time    mid_c    mid_o        SL        TP   SPREAD      GAIN  SIGNAL
26  EUR_GBP 2024-03-27 13:12:00+00:00  0.85768  0.85766  0.000000  0.000000  0.00013  0.000066       0
27  EUR_GBP 2024-03-27 13:13:00+00:00  0.85760  0.85768  0.000000  0.000000  0.00013  0.000021       0
28  EUR_GBP 2024-03-27 13:14:00+00:00  0.85762  0.85761  0.000000  0.000000  0.00014  0.000010       0
29  EUR_GBP 2024-03-27 13:15:00+00:00  0.85764  0.85762  0.000000  0.000000  0.00014  0.000001       0
30  EUR_GBP 2024-03-27 13:16:00+00:00  0.85777  0.85764  0.857849  0.857652  0.00014  0.000118      -1
2024-03-27 18:47:12 Place Trade:TradeDecision(): EUR_GBP dir:-1 gain:0.0001 sl:0.8578 tp:0.8577
2024-03-27 18:47:13 Trade placed:75 for TradeDecision(): EUR_GBP dir:-1 gain:0.0001 sl:0.8578 tp:0.8577
2024-03-27 18:48:12 CandleManager() new candle:last_candle:2024-03-27 13:17:00 is_ready:True
2024-03-27 18:48:13 tech_manager: max_rows:32 candle_time:2024-03-27 13:17:00+00:00 granularity:M1
2024-03-27 18:48:14 process_candles:
       PAIR                      time    mid_c    mid_o        SL        TP   SPREAD      GAIN  SIGNAL
26  EUR_GBP 2024-03-27 13:13:00+00:00  0.85760  0.85768  0.000000  0.000000  0.00013  0.000021       0
27  EUR_GBP 2024-03-27 13:14:00+00:00  0.85762  0.85761  0.000000  0.000000  0.00014  0.000010       0
28  EUR_GBP 2024-03-27 13:15:00+00:00  0.85764  0.85762  0.000000  0.000000  0.00014  0.000001       0
29  EUR_GBP 2024-03-27 13:16:00+00:00  0.85777  0.85764  0.857849  0.857652  0.00014  0.000118      -1
30  EUR_GBP 2024-03-27 13:17:00+00:00  0.85768  0.85776  0.000000  0.000000  0.00013  0.000018       0
