2024-03-27 18:33:51 LogWrapper init() ./logs/GBP_USD.log 
2024-03-27 18:33:51 {'n_ma': 12, 'n_std': 2.5, 'maxspread': 0.0004, 'mingain': 0.0014, 'riskreward': 1.5}
2024-03-27 18:33:52 CandleManager() init last_candle:last_candle:2024-03-27 13:02:00 is_ready:False
2024-03-27 18:34:04 CandleManager() new candle:last_candle:2024-03-27 13:03:00 is_ready:True
2024-03-27 18:34:05 tech_manager: max_rows:32 candle_time:2024-03-27 13:03:00+00:00 granularity:M1
2024-03-27 18:34:05 process_candles:
       PAIR                      time    mid_c    mid_o        SL        TP   SPREAD      GAIN  SIGNAL
26  GBP_USD 2024-03-27 12:59:00+00:00  1.26166  1.26199  1.261439  1.261992  0.00017  0.000332       1
27  GBP_USD 2024-03-27 13:00:00+00:00  1.26148  1.26162  1.261159  1.261961  0.00015  0.000481       1
28  GBP_USD 2024-03-27 13:01:00+00:00  1.26144  1.26146  0.000000  0.000000  0.00015  0.000482       0
29  GBP_USD 2024-03-27 13:02:00+00:00  1.26151  1.26143  0.000000  0.000000  0.00016  0.000368       0
30  GBP_USD 2024-03-27 13:03:00+00:00  1.26148  1.26152  0.000000  0.000000  0.00017  0.000354       0
2024-03-27 18:35:05 CandleManager() new candle:last_candle:2024-03-27 13:04:00 is_ready:True
2024-03-27 18:35:06 tech_manager: max_rows:32 candle_time:2024-03-27 13:04:00+00:00 granularity:M1
2024-03-27 18:35:06 process_candles:
       PAIR                      time    mid_c    mid_o        SL        TP   SPREAD      GAIN  SIGNAL
26  GBP_USD 2024-03-27 13:00:00+00:00  1.26148  1.26162  1.261159  1.261961  0.00015  0.000481       1
27  GBP_USD 2024-03-27 13:01:00+00:00  1.26144  1.26146  0.000000  0.000000  0.00015  0.000482       0
28  GBP_USD 2024-03-27 13:02:00+00:00  1.26151  1.26143  0.000000  0.000000  0.00016  0.000368       0
29  GBP_USD 2024-03-27 13:03:00+00:00  1.26148  1.26152  0.000000  0.000000  0.00017  0.000354       0
30  GBP_USD 2024-03-27 13:04:00+00:00  1.26140  1.26150  0.000000  0.000000  0.00017  0.000388       0
2024-03-27 18:36:05 CandleManager() new candle:last_candle:2024-03-27 13:05:00 is_ready:True
2024-03-27 18:36:06 tech_manager: max_rows:32 candle_time:2024-03-27 13:05:00+00:00 granularity:M1
2024-03-27 18:36:06 process_candles:
       PAIR                      time    mid_c    mid_o   SL   TP   SPREAD      GAIN  SIGNAL
26  GBP_USD 2024-03-27 13:01:00+00:00  1.26144  1.26146  0.0  0.0  0.00015  0.000482       0
27  GBP_USD 2024-03-27 13:02:00+00:00  1.26151  1.26143  0.0  0.0  0.00016  0.000368       0
28  GBP_USD 2024-03-27 13:03:00+00:00  1.26148  1.26152  0.0  0.0  0.00017  0.000354       0
29  GBP_USD 2024-03-27 13:04:00+00:00  1.26140  1.26150  0.0  0.0  0.00017  0.000388       0
30  GBP_USD 2024-03-27 13:05:00+00:00  1.26138  1.26140  0.0  0.0  0.00015  0.000352       0
2024-03-27 18:37:05 CandleManager() new candle:last_candle:2024-03-27 13:06:00 is_ready:True
2024-03-27 18:37:06 tech_manager: max_rows:32 candle_time:2024-03-27 13:06:00+00:00 granularity:M1
2024-03-27 18:37:07 process_candles:
       PAIR                      time    mid_c    mid_o   SL   TP   SPREAD      GAIN  SIGNAL
26  GBP_USD 2024-03-27 13:02:00+00:00  1.26151  1.26143  0.0  0.0  0.00016  0.000368       0
27  GBP_USD 2024-03-27 13:03:00+00:00  1.26148  1.26152  0.0  0.0  0.00017  0.000354       0
28  GBP_USD 2024-03-27 13:04:00+00:00  1.26140  1.26150  0.0  0.0  0.00017  0.000388       0
29  GBP_USD 2024-03-27 13:05:00+00:00  1.26138  1.26140  0.0  0.0  0.00015  0.000352       0
30  GBP_USD 2024-03-27 13:06:00+00:00  1.26114  1.26138  0.0  0.0  0.00015  0.000526       0
2024-03-27 18:38:06 CandleManager() new candle:last_candle:2024-03-27 13:07:00 is_ready:True
2024-03-27 18:38:07 tech_manager: max_rows:32 candle_time:2024-03-27 13:07:00+00:00 granularity:M1
2024-03-27 18:38:08 process_candles:
       PAIR                      time    mid_c    mid_o   SL   TP   SPREAD      GAIN  SIGNAL
26  GBP_USD 2024-03-27 13:03:00+00:00  1.26148  1.26152  0.0  0.0  0.00017  0.000354       0
27  GBP_USD 2024-03-27 13:04:00+00:00  1.26140  1.26150  0.0  0.0  0.00017  0.000388       0
28  GBP_USD 2024-03-27 13:05:00+00:00  1.26138  1.26140  0.0  0.0  0.00015  0.000352       0
29  GBP_USD 2024-03-27 13:06:00+00:00  1.26114  1.26138  0.0  0.0  0.00015  0.000526       0
30  GBP_USD 2024-03-27 13:07:00+00:00  1.26100  1.26115  0.0  0.0  0.00017  0.000590       0
2024-03-27 18:39:06 CandleManager() new candle:last_candle:2024-03-27 13:08:00 is_ready:True
2024-03-27 18:39:08 tech_manager: max_rows:32 candle_time:2024-03-27 13:08:00+00:00 granularity:M1
2024-03-27 18:39:08 process_candles:
       PAIR                      time    mid_c    mid_o   SL   TP   SPREAD      GAIN  SIGNAL
26  GBP_USD 2024-03-27 13:04:00+00:00  1.26140  1.26150  0.0  0.0  0.00017  0.000388       0
27  GBP_USD 2024-03-27 13:05:00+00:00  1.26138  1.26140  0.0  0.0  0.00015  0.000352       0
28  GBP_USD 2024-03-27 13:06:00+00:00  1.26114  1.26138  0.0  0.0  0.00015  0.000526       0
29  GBP_USD 2024-03-27 13:07:00+00:00  1.26100  1.26115  0.0  0.0  0.00017  0.000590       0
30  GBP_USD 2024-03-27 13:08:00+00:00  1.26108  1.26099  0.0  0.0  0.00016  0.000423       0
2024-03-27 18:40:06 CandleManager() new candle:last_candle:2024-03-27 13:09:00 is_ready:True
2024-03-27 18:40:07 tech_manager: max_rows:32 candle_time:2024-03-27 13:09:00+00:00 granularity:M1
2024-03-27 18:40:07 process_candles:
       PAIR                      time    mid_c    mid_o   SL   TP   SPREAD      GAIN  SIGNAL
26  GBP_USD 2024-03-27 13:05:00+00:00  1.26138  1.26140  0.0  0.0  0.00015  0.000352       0
27  GBP_USD 2024-03-27 13:06:00+00:00  1.26114  1.26138  0.0  0.0  0.00015  0.000526       0
28  GBP_USD 2024-03-27 13:07:00+00:00  1.26100  1.26115  0.0  0.0  0.00017  0.000590       0
29  GBP_USD 2024-03-27 13:08:00+00:00  1.26108  1.26099  0.0  0.0  0.00016  0.000423       0
30  GBP_USD 2024-03-27 13:09:00+00:00  1.26112  1.26110  0.0  0.0  0.00017  0.000301       0
2024-03-27 18:41:06 CandleManager() new candle:last_candle:2024-03-27 13:10:00 is_ready:True
2024-03-27 18:41:07 tech_manager: max_rows:32 candle_time:2024-03-27 13:10:00+00:00 granularity:M1
2024-03-27 18:41:08 process_candles:
       PAIR                      time    mid_c    mid_o   SL   TP   SPREAD      GAIN  SIGNAL
26  GBP_USD 2024-03-27 13:06:00+00:00  1.26114  1.26138  0.0  0.0  0.00015  0.000526       0
27  GBP_USD 2024-03-27 13:07:00+00:00  1.26100  1.26115  0.0  0.0  0.00017  0.000590       0
28  GBP_USD 2024-03-27 13:08:00+00:00  1.26108  1.26099  0.0  0.0  0.00016  0.000423       0
29  GBP_USD 2024-03-27 13:09:00+00:00  1.26112  1.26110  0.0  0.0  0.00017  0.000301       0
30  GBP_USD 2024-03-27 13:10:00+00:00  1.26120  1.26111  0.0  0.0  0.00015  0.000146       0
2024-03-27 18:42:06 CandleManager() new candle:last_candle:2024-03-27 13:11:00 is_ready:True
2024-03-27 18:42:08 tech_manager: max_rows:32 candle_time:2024-03-27 13:11:00+00:00 granularity:M1
2024-03-27 18:42:08 process_candles:
       PAIR                      time    mid_c    mid_o   SL   TP   SPREAD      GAIN  SIGNAL
26  GBP_USD 2024-03-27 13:07:00+00:00  1.26100  1.26115  0.0  0.0  0.00017  0.000590       0
27  GBP_USD 2024-03-27 13:08:00+00:00  1.26108  1.26099  0.0  0.0  0.00016  0.000423       0
28  GBP_USD 2024-03-27 13:09:00+00:00  1.26112  1.26110  0.0  0.0  0.00017  0.000301       0
29  GBP_USD 2024-03-27 13:10:00+00:00  1.26120  1.26111  0.0  0.0  0.00015  0.000146       0
30  GBP_USD 2024-03-27 13:11:00+00:00  1.26122  1.26118  0.0  0.0  0.00015  0.000080       0
2024-03-27 18:43:07 CandleManager() new candle:last_candle:2024-03-27 13:12:00 is_ready:True
2024-03-27 18:43:09 tech_manager: max_rows:32 candle_time:2024-03-27 13:12:00+00:00 granularity:M1
2024-03-27 18:43:10 process_candles:
       PAIR                      time    mid_c    mid_o   SL   TP   SPREAD      GAIN  SIGNAL
26  GBP_USD 2024-03-27 13:08:00+00:00  1.26108  1.26099  0.0  0.0  0.00016  0.000423       0
27  GBP_USD 2024-03-27 13:09:00+00:00  1.26112  1.26110  0.0  0.0  0.00017  0.000301       0
28  GBP_USD 2024-03-27 13:10:00+00:00  1.26120  1.26111  0.0  0.0  0.00015  0.000146       0
29  GBP_USD 2024-03-27 13:11:00+00:00  1.26122  1.26118  0.0  0.0  0.00015  0.000080       0
30  GBP_USD 2024-03-27 13:12:00+00:00  1.26120  1.26122  0.0  0.0  0.00016  0.000070       0
2024-03-27 18:44:08 CandleManager() new candle:last_candle:2024-03-27 13:13:00 is_ready:True
2024-03-27 18:44:09 tech_manager: max_rows:32 candle_time:2024-03-27 13:13:00+00:00 granularity:M1
2024-03-27 18:44:10 process_candles:
       PAIR                      time    mid_c    mid_o   SL   TP   SPREAD      GAIN  SIGNAL
26  GBP_USD 2024-03-27 13:09:00+00:00  1.26112  1.26110  0.0  0.0  0.00017  0.000301       0
27  GBP_USD 2024-03-27 13:10:00+00:00  1.26120  1.26111  0.0  0.0  0.00015  0.000146       0
28  GBP_USD 2024-03-27 13:11:00+00:00  1.26122  1.26118  0.0  0.0  0.00015  0.000080       0
29  GBP_USD 2024-03-27 13:12:00+00:00  1.26120  1.26122  0.0  0.0  0.00016  0.000070       0
30  GBP_USD 2024-03-27 13:13:00+00:00  1.26130  1.26120  0.0  0.0  0.00016  0.000044       0
2024-03-27 18:45:09 CandleManager() new candle:last_candle:2024-03-27 13:14:00 is_ready:True
2024-03-27 18:45:10 tech_manager: max_rows:32 candle_time:2024-03-27 13:14:00+00:00 granularity:M1
2024-03-27 18:45:10 process_candles:
       PAIR                      time    mid_c    mid_o   SL   TP   SPREAD      GAIN  SIGNAL
26  GBP_USD 2024-03-27 13:10:00+00:00  1.26120  1.26111  0.0  0.0  0.00015  0.000146       0
27  GBP_USD 2024-03-27 13:11:00+00:00  1.26122  1.26118  0.0  0.0  0.00015  0.000080       0
28  GBP_USD 2024-03-27 13:12:00+00:00  1.26120  1.26122  0.0  0.0  0.00016  0.000070       0
29  GBP_USD 2024-03-27 13:13:00+00:00  1.26130  1.26120  0.0  0.0  0.00016  0.000044       0
30  GBP_USD 2024-03-27 13:14:00+00:00  1.26120  1.26130  0.0  0.0  0.00015  0.000034       0
2024-03-27 18:46:09 CandleManager() new candle:last_candle:2024-03-27 13:15:00 is_ready:True
2024-03-27 18:46:10 tech_manager: max_rows:32 candle_time:2024-03-27 13:15:00+00:00 granularity:M1
2024-03-27 18:46:10 process_candles:
       PAIR                      time    mid_c    mid_o   SL   TP   SPREAD      GAIN  SIGNAL
26  GBP_USD 2024-03-27 13:11:00+00:00  1.26122  1.26118  0.0  0.0  0.00015  0.000080       0
27  GBP_USD 2024-03-27 13:12:00+00:00  1.26120  1.26122  0.0  0.0  0.00016  0.000070       0
28  GBP_USD 2024-03-27 13:13:00+00:00  1.26130  1.26120  0.0  0.0  0.00016  0.000044       0
29  GBP_USD 2024-03-27 13:14:00+00:00  1.26120  1.26130  0.0  0.0  0.00015  0.000034       0
30  GBP_USD 2024-03-27 13:15:00+00:00  1.26123  1.26121  0.0  0.0  0.00018  0.000018       0
2024-03-27 18:47:09 CandleManager() new candle:last_candle:2024-03-27 13:16:00 is_ready:True
2024-03-27 18:47:11 tech_manager: max_rows:32 candle_time:2024-03-27 13:16:00+00:00 granularity:M1
2024-03-27 18:47:12 process_candles:
       PAIR                      time    mid_c    mid_o   SL   TP   SPREAD      GAIN  SIGNAL
26  GBP_USD 2024-03-27 13:12:00+00:00  1.26120  1.26122  0.0  0.0  0.00016  0.000070       0
27  GBP_USD 2024-03-27 13:13:00+00:00  1.26130  1.26120  0.0  0.0  0.00016  0.000044       0
28  GBP_USD 2024-03-27 13:14:00+00:00  1.26120  1.26130  0.0  0.0  0.00015  0.000034       0
29  GBP_USD 2024-03-27 13:15:00+00:00  1.26123  1.26121  0.0  0.0  0.00018  0.000018       0
30  GBP_USD 2024-03-27 13:16:00+00:00  1.26098  1.26120  0.0  0.0  0.00017  0.000196       0
2024-03-27 18:48:11 CandleManager() new candle:last_candle:2024-03-27 13:17:00 is_ready:True
2024-03-27 18:48:13 tech_manager: max_rows:32 candle_time:2024-03-27 13:17:00+00:00 granularity:M1
2024-03-27 18:48:13 process_candles:
       PAIR                      time    mid_c    mid_o   SL   TP   SPREAD      GAIN  SIGNAL
26  GBP_USD 2024-03-27 13:13:00+00:00  1.26130  1.26120  0.0  0.0  0.00016  0.000044       0
27  GBP_USD 2024-03-27 13:14:00+00:00  1.26120  1.26130  0.0  0.0  0.00015  0.000034       0
28  GBP_USD 2024-03-27 13:15:00+00:00  1.26123  1.26121  0.0  0.0  0.00018  0.000018       0
29  GBP_USD 2024-03-27 13:16:00+00:00  1.26098  1.26120  0.0  0.0  0.00017  0.000196       0
30  GBP_USD 2024-03-27 13:17:00+00:00  1.26110  1.26096  0.0  0.0  0.00018  0.000046       0
