2024-03-27 18:33:51 LogWrapper init() ./logs/GBP_CHF.log 
2024-03-27 18:33:51 {'n_ma': 12, 'n_std': 2.5, 'maxspread': 0.0004, 'mingain': 0.0014, 'riskreward': 1.5}
2024-03-27 18:33:52 CandleManager() init last_candle:last_candle:2024-03-27 13:02:00 is_ready:False
2024-03-27 18:34:16 CandleManager() new candle:last_candle:2024-03-27 13:03:00 is_ready:True
2024-03-27 18:34:17 tech_manager: max_rows:32 candle_time:2024-03-27 13:03:00+00:00 granularity:M1
2024-03-27 18:34:18 process_candles:
       PAIR                      time    mid_c    mid_o   SL   TP   SPREAD      GAIN  SIGNAL
26  GBP_CHF 2024-03-27 12:59:00+00:00  1.14406  1.14421  0.0  0.0  0.00017  0.000271       0
27  GBP_CHF 2024-03-27 13:00:00+00:00  1.14391  1.14403  0.0  0.0  0.00014  0.000386       0
28  GBP_CHF 2024-03-27 13:01:00+00:00  1.14408  1.14392  0.0  0.0  0.00014  0.000175       0
29  GBP_CHF 2024-03-27 13:02:00+00:00  1.14404  1.14409  0.0  0.0  0.00017  0.000182       0
30  GBP_CHF 2024-03-27 13:03:00+00:00  1.14403  1.14403  0.0  0.0  0.00016  0.000156       0
2024-03-27 18:35:17 CandleManager() new candle:last_candle:2024-03-27 13:04:00 is_ready:True
2024-03-27 18:35:18 tech_manager: max_rows:32 candle_time:2024-03-27 13:04:00+00:00 granularity:M1
2024-03-27 18:35:18 process_candles:
       PAIR                      time    mid_c    mid_o   SL   TP   SPREAD      GAIN  SIGNAL
26  GBP_CHF 2024-03-27 13:00:00+00:00  1.14391  1.14403  0.0  0.0  0.00014  0.000386       0
27  GBP_CHF 2024-03-27 13:01:00+00:00  1.14408  1.14392  0.0  0.0  0.00014  0.000175       0
28  GBP_CHF 2024-03-27 13:02:00+00:00  1.14404  1.14409  0.0  0.0  0.00017  0.000182       0
29  GBP_CHF 2024-03-27 13:03:00+00:00  1.14403  1.14403  0.0  0.0  0.00016  0.000156       0
30  GBP_CHF 2024-03-27 13:04:00+00:00  1.14393  1.14402  0.0  0.0  0.00016  0.000222       0
2024-03-27 18:36:04 CandleManager() new candle:last_candle:2024-03-27 13:05:00 is_ready:True
2024-03-27 18:36:05 tech_manager: max_rows:32 candle_time:2024-03-27 13:05:00+00:00 granularity:M1
2024-03-27 18:36:06 process_candles:
       PAIR                      time    mid_c    mid_o   SL   TP   SPREAD      GAIN  SIGNAL
26  GBP_CHF 2024-03-27 13:01:00+00:00  1.14408  1.14392  0.0  0.0  0.00014  0.000175       0
27  GBP_CHF 2024-03-27 13:02:00+00:00  1.14404  1.14409  0.0  0.0  0.00017  0.000182       0
28  GBP_CHF 2024-03-27 13:03:00+00:00  1.14403  1.14403  0.0  0.0  0.00016  0.000156       0
29  GBP_CHF 2024-03-27 13:04:00+00:00  1.14393  1.14402  0.0  0.0  0.00016  0.000222       0
30  GBP_CHF 2024-03-27 13:05:00+00:00  1.14394  1.14392  0.0  0.0  0.00017  0.000178       0
2024-03-27 18:37:04 CandleManager() new candle:last_candle:2024-03-27 13:06:00 is_ready:True
2024-03-27 18:37:06 tech_manager: max_rows:32 candle_time:2024-03-27 13:06:00+00:00 granularity:M1
2024-03-27 18:37:06 process_candles:
       PAIR                      time    mid_c    mid_o   SL   TP   SPREAD      GAIN  SIGNAL
26  GBP_CHF 2024-03-27 13:02:00+00:00  1.14404  1.14409  0.0  0.0  0.00017  0.000182       0
27  GBP_CHF 2024-03-27 13:03:00+00:00  1.14403  1.14403  0.0  0.0  0.00016  0.000156       0
28  GBP_CHF 2024-03-27 13:04:00+00:00  1.14393  1.14402  0.0  0.0  0.00016  0.000222       0
29  GBP_CHF 2024-03-27 13:05:00+00:00  1.14394  1.14392  0.0  0.0  0.00017  0.000178       0
30  GBP_CHF 2024-03-27 13:06:00+00:00  1.14396  1.14393  0.0  0.0  0.00018  0.000130       0
2024-03-27 18:38:05 CandleManager() new candle:last_candle:2024-03-27 13:07:00 is_ready:True
2024-03-27 18:38:06 tech_manager: max_rows:32 candle_time:2024-03-27 13:07:00+00:00 granularity:M1
2024-03-27 18:38:07 process_candles:
       PAIR                      time    mid_c    mid_o   SL   TP   SPREAD      GAIN  SIGNAL
26  GBP_CHF 2024-03-27 13:03:00+00:00  1.14403  1.14403  0.0  0.0  0.00016  0.000156       0
27  GBP_CHF 2024-03-27 13:04:00+00:00  1.14393  1.14402  0.0  0.0  0.00016  0.000222       0
28  GBP_CHF 2024-03-27 13:05:00+00:00  1.14394  1.14392  0.0  0.0  0.00017  0.000178       0
29  GBP_CHF 2024-03-27 13:06:00+00:00  1.14396  1.14393  0.0  0.0  0.00018  0.000130       0
30  GBP_CHF 2024-03-27 13:07:00+00:00  1.14390  1.14396  0.0  0.0  0.00016  0.000158       0
2024-03-27 18:39:05 CandleManager() new candle:last_candle:2024-03-27 13:08:00 is_ready:True
2024-03-27 18:39:06 tech_manager: max_rows:32 candle_time:2024-03-27 13:08:00+00:00 granularity:M1
2024-03-27 18:39:07 process_candles:
       PAIR                      time    mid_c    mid_o   SL   TP   SPREAD      GAIN  SIGNAL
26  GBP_CHF 2024-03-27 13:04:00+00:00  1.14393  1.14402  0.0  0.0  0.00016  0.000222       0
27  GBP_CHF 2024-03-27 13:05:00+00:00  1.14394  1.14392  0.0  0.0  0.00017  0.000178       0
28  GBP_CHF 2024-03-27 13:06:00+00:00  1.14396  1.14393  0.0  0.0  0.00018  0.000130       0
29  GBP_CHF 2024-03-27 13:07:00+00:00  1.14390  1.14396  0.0  0.0  0.00016  0.000158       0
30  GBP_CHF 2024-03-27 13:08:00+00:00  1.14396  1.14389  0.0  0.0  0.00017  0.000064       0
2024-03-27 18:40:17 CandleManager() new candle:last_candle:2024-03-27 13:09:00 is_ready:True
2024-03-27 18:40:19 tech_manager: max_rows:32 candle_time:2024-03-27 13:09:00+00:00 granularity:M1
2024-03-27 18:40:19 process_candles:
       PAIR                      time    mid_c    mid_o   SL   TP   SPREAD      GAIN  SIGNAL
26  GBP_CHF 2024-03-27 13:05:00+00:00  1.14394  1.14392  0.0  0.0  0.00017  0.000178       0
27  GBP_CHF 2024-03-27 13:06:00+00:00  1.14396  1.14393  0.0  0.0  0.00018  0.000130       0
28  GBP_CHF 2024-03-27 13:07:00+00:00  1.14390  1.14396  0.0  0.0  0.00016  0.000158       0
29  GBP_CHF 2024-03-27 13:08:00+00:00  1.14396  1.14389  0.0  0.0  0.00017  0.000064       0
30  GBP_CHF 2024-03-27 13:09:00+00:00  1.14397  1.14400  0.0  0.0  0.00016  0.000038       0
2024-03-27 18:41:05 CandleManager() new candle:last_candle:2024-03-27 13:10:00 is_ready:True
2024-03-27 18:41:06 tech_manager: max_rows:32 candle_time:2024-03-27 13:10:00+00:00 granularity:M1
2024-03-27 18:41:07 process_candles:
       PAIR                      time    mid_c    mid_o   SL   TP   SPREAD      GAIN  SIGNAL
26  GBP_CHF 2024-03-27 13:06:00+00:00  1.14396  1.14393  0.0  0.0  0.00018  0.000130       0
27  GBP_CHF 2024-03-27 13:07:00+00:00  1.14390  1.14396  0.0  0.0  0.00016  0.000158       0
28  GBP_CHF 2024-03-27 13:08:00+00:00  1.14396  1.14389  0.0  0.0  0.00017  0.000064       0
29  GBP_CHF 2024-03-27 13:09:00+00:00  1.14397  1.14400  0.0  0.0  0.00016  0.000038       0
30  GBP_CHF 2024-03-27 13:10:00+00:00  1.14398  1.14396  0.0  0.0  0.00015  0.000009       0
2024-03-27 18:42:05 CandleManager() new candle:last_candle:2024-03-27 13:11:00 is_ready:True
2024-03-27 18:42:07 tech_manager: max_rows:32 candle_time:2024-03-27 13:11:00+00:00 granularity:M1
2024-03-27 18:42:07 process_candles:
       PAIR                      time    mid_c    mid_o   SL   TP   SPREAD      GAIN  SIGNAL
26  GBP_CHF 2024-03-27 13:07:00+00:00  1.14390  1.14396  0.0  0.0  0.00016  0.000158       0
27  GBP_CHF 2024-03-27 13:08:00+00:00  1.14396  1.14389  0.0  0.0  0.00017  0.000064       0
28  GBP_CHF 2024-03-27 13:09:00+00:00  1.14397  1.14400  0.0  0.0  0.00016  0.000038       0
29  GBP_CHF 2024-03-27 13:10:00+00:00  1.14398  1.14396  0.0  0.0  0.00015  0.000009       0
30  GBP_CHF 2024-03-27 13:11:00+00:00  1.14396  1.14400  0.0  0.0  0.00019  0.000015       0
2024-03-27 18:43:06 CandleManager() new candle:last_candle:2024-03-27 13:12:00 is_ready:True
2024-03-27 18:43:07 tech_manager: max_rows:32 candle_time:2024-03-27 13:12:00+00:00 granularity:M1
2024-03-27 18:43:07 process_candles:
       PAIR                      time    mid_c    mid_o        SL        TP   SPREAD      GAIN  SIGNAL
26  GBP_CHF 2024-03-27 13:08:00+00:00  1.14396  1.14389  0.000000  0.000000  0.00017  0.000064       0
27  GBP_CHF 2024-03-27 13:09:00+00:00  1.14397  1.14400  0.000000  0.000000  0.00016  0.000038       0
28  GBP_CHF 2024-03-27 13:10:00+00:00  1.14398  1.14396  0.000000  0.000000  0.00015  0.000009       0
29  GBP_CHF 2024-03-27 13:11:00+00:00  1.14396  1.14400  0.000000  0.000000  0.00019  0.000015       0
30  GBP_CHF 2024-03-27 13:12:00+00:00  1.14372  1.14392  1.143562  1.143957  0.00015  0.000237       1
2024-03-27 18:43:07 Place Trade:TradeDecision(): GBP_CHF dir:1 gain:0.0002 sl:1.1436 tp:1.1440
2024-03-27 18:43:08 Trade placed:59 for TradeDecision(): GBP_CHF dir:1 gain:0.0002 sl:1.1436 tp:1.1440
2024-03-27 18:44:20 CandleManager() new candle:last_candle:2024-03-27 13:13:00 is_ready:True
2024-03-27 18:44:22 tech_manager: max_rows:32 candle_time:2024-03-27 13:13:00+00:00 granularity:M1
2024-03-27 18:44:22 process_candles:
       PAIR                      time    mid_c    mid_o        SL        TP   SPREAD      GAIN  SIGNAL
26  GBP_CHF 2024-03-27 13:09:00+00:00  1.14397  1.14400  0.000000  0.000000  0.00016  0.000038       0
27  GBP_CHF 2024-03-27 13:10:00+00:00  1.14398  1.14396  0.000000  0.000000  0.00015  0.000009       0
28  GBP_CHF 2024-03-27 13:11:00+00:00  1.14396  1.14400  0.000000  0.000000  0.00019  0.000015       0
29  GBP_CHF 2024-03-27 13:12:00+00:00  1.14372  1.14392  1.143562  1.143958  0.00015  0.000238       1
30  GBP_CHF 2024-03-27 13:13:00+00:00  1.14383  1.14370  0.000000  0.000000  0.00016  0.000109       0
2024-03-27 18:45:08 CandleManager() new candle:last_candle:2024-03-27 13:14:00 is_ready:True
2024-03-27 18:45:09 tech_manager: max_rows:32 candle_time:2024-03-27 13:14:00+00:00 granularity:M1
2024-03-27 18:45:09 process_candles:
       PAIR                      time    mid_c    mid_o        SL        TP   SPREAD      GAIN  SIGNAL
26  GBP_CHF 2024-03-27 13:10:00+00:00  1.14398  1.14396  0.000000  0.000000  0.00015  0.000009       0
27  GBP_CHF 2024-03-27 13:11:00+00:00  1.14396  1.14400  0.000000  0.000000  0.00019  0.000015       0
28  GBP_CHF 2024-03-27 13:12:00+00:00  1.14372  1.14392  1.143562  1.143957  0.00015  0.000237       1
29  GBP_CHF 2024-03-27 13:13:00+00:00  1.14383  1.14370  0.000000  0.000000  0.00016  0.000109       0
30  GBP_CHF 2024-03-27 13:14:00+00:00  1.14370  1.14382  0.000000  0.000000  0.00016  0.000211       0
2024-03-27 18:46:08 CandleManager() new candle:last_candle:2024-03-27 13:15:00 is_ready:True
2024-03-27 18:46:09 tech_manager: max_rows:32 candle_time:2024-03-27 13:15:00+00:00 granularity:M1
2024-03-27 18:46:09 process_candles:
       PAIR                      time    mid_c    mid_o        SL        TP   SPREAD      GAIN  SIGNAL
26  GBP_CHF 2024-03-27 13:11:00+00:00  1.14396  1.14400  0.000000  0.000000  0.00019  0.000015       0
27  GBP_CHF 2024-03-27 13:12:00+00:00  1.14372  1.14392  1.143562  1.143958  0.00015  0.000238       1
28  GBP_CHF 2024-03-27 13:13:00+00:00  1.14383  1.14370  0.000000  0.000000  0.00016  0.000109       0
29  GBP_CHF 2024-03-27 13:14:00+00:00  1.14370  1.14382  0.000000  0.000000  0.00016  0.000211       0
30  GBP_CHF 2024-03-27 13:15:00+00:00  1.14360  1.14370  0.000000  0.000000  0.00017  0.000279       0
2024-03-27 18:47:08 CandleManager() new candle:last_candle:2024-03-27 13:16:00 is_ready:True
2024-03-27 18:47:09 tech_manager: max_rows:32 candle_time:2024-03-27 13:16:00+00:00 granularity:M1
2024-03-27 18:47:09 process_candles:
       PAIR                      time    mid_c    mid_o        SL        TP   SPREAD      GAIN  SIGNAL
26  GBP_CHF 2024-03-27 13:12:00+00:00  1.14372  1.14392  1.143562  1.143957  0.00015  0.000237       1
27  GBP_CHF 2024-03-27 13:13:00+00:00  1.14383  1.14370  0.000000  0.000000  0.00016  0.000109       0
28  GBP_CHF 2024-03-27 13:14:00+00:00  1.14370  1.14382  0.000000  0.000000  0.00016  0.000211       0
29  GBP_CHF 2024-03-27 13:15:00+00:00  1.14360  1.14370  0.000000  0.000000  0.00017  0.000279       0
30  GBP_CHF 2024-03-27 13:16:00+00:00  1.14340  1.14358  1.143111  1.143834  0.00012  0.000434       1
2024-03-27 18:47:09 Place Trade:TradeDecision(): GBP_CHF dir:1 gain:0.0004 sl:1.1431 tp:1.1438
2024-03-27 18:47:10 Trade placed:71 for TradeDecision(): GBP_CHF dir:1 gain:0.0004 sl:1.1431 tp:1.1438
2024-03-27 18:48:10 CandleManager() new candle:last_candle:2024-03-27 13:17:00 is_ready:True
2024-03-27 18:48:12 tech_manager: max_rows:32 candle_time:2024-03-27 13:17:00+00:00 granularity:M1
2024-03-27 18:48:12 process_candles:
       PAIR                      time    mid_c    mid_o        SL        TP   SPREAD      GAIN  SIGNAL
26  GBP_CHF 2024-03-27 13:13:00+00:00  1.14383  1.14370  0.000000  0.000000  0.00016  0.000109       0
27  GBP_CHF 2024-03-27 13:14:00+00:00  1.14370  1.14382  0.000000  0.000000  0.00016  0.000211       0
28  GBP_CHF 2024-03-27 13:15:00+00:00  1.14360  1.14370  0.000000  0.000000  0.00017  0.000279       0
29  GBP_CHF 2024-03-27 13:16:00+00:00  1.14340  1.14358  1.143111  1.143834  0.00012  0.000434       1
30  GBP_CHF 2024-03-27 13:17:00+00:00  1.14348  1.14338  0.000000  0.000000  0.00017  0.000312       0
