2024-03-27 18:33:51 LogWrapper init() ./logs/GBP_JPY.log 
2024-03-27 18:33:51 {'n_ma': 12, 'n_std': 2.5, 'maxspread': 0.04, 'mingain': 0.14, 'riskreward': 1.5}
2024-03-27 18:33:52 CandleManager() init last_candle:last_candle:2024-03-27 13:02:00 is_ready:False
2024-03-27 18:34:03 CandleManager() new candle:last_candle:2024-03-27 13:03:00 is_ready:True
2024-03-27 18:34:04 tech_manager: max_rows:32 candle_time:2024-03-27 13:03:00+00:00 granularity:M1
2024-03-27 18:34:05 process_candles:
       PAIR                      time    mid_c    mid_o          SL          TP  SPREAD      GAIN  SIGNAL
26  GBP_JPY 2024-03-27 12:59:00+00:00  190.700  190.771  190.663611  190.754583   0.019  0.054583       1
27  GBP_JPY 2024-03-27 13:00:00+00:00  190.674  190.700  190.623593  190.749611   0.027  0.075611       1
28  GBP_JPY 2024-03-27 13:01:00+00:00  190.703  190.675    0.000000    0.000000   0.024  0.041306       0
29  GBP_JPY 2024-03-27 13:02:00+00:00  190.705  190.704    0.000000    0.000000   0.028  0.034667       0
30  GBP_JPY 2024-03-27 13:03:00+00:00  190.684  190.706    0.000000    0.000000   0.028  0.048556       0
2024-03-27 18:35:04 CandleManager() new candle:last_candle:2024-03-27 13:04:00 is_ready:True
2024-03-27 18:35:05 tech_manager: max_rows:32 candle_time:2024-03-27 13:04:00+00:00 granularity:M1
2024-03-27 18:35:06 process_candles:
       PAIR                      time    mid_c    mid_o          SL          TP  SPREAD      GAIN  SIGNAL
26  GBP_JPY 2024-03-27 13:00:00+00:00  190.674  190.700  190.623593  190.749611   0.027  0.075611       1
27  GBP_JPY 2024-03-27 13:01:00+00:00  190.703  190.675    0.000000    0.000000   0.024  0.041306       0
28  GBP_JPY 2024-03-27 13:02:00+00:00  190.705  190.704    0.000000    0.000000   0.028  0.034667       0
29  GBP_JPY 2024-03-27 13:03:00+00:00  190.684  190.706    0.000000    0.000000   0.028  0.048556       0
30  GBP_JPY 2024-03-27 13:04:00+00:00  190.678  190.683    0.000000    0.000000   0.032  0.048194       0
2024-03-27 18:36:05 CandleManager() new candle:last_candle:2024-03-27 13:05:00 is_ready:True
2024-03-27 18:36:06 tech_manager: max_rows:32 candle_time:2024-03-27 13:05:00+00:00 granularity:M1
2024-03-27 18:36:06 process_candles:
       PAIR                      time    mid_c    mid_o   SL   TP  SPREAD      GAIN  SIGNAL
26  GBP_JPY 2024-03-27 13:01:00+00:00  190.703  190.675  0.0  0.0   0.024  0.041306       0
27  GBP_JPY 2024-03-27 13:02:00+00:00  190.705  190.704  0.0  0.0   0.028  0.034667       0
28  GBP_JPY 2024-03-27 13:03:00+00:00  190.684  190.706  0.0  0.0   0.028  0.048556       0
29  GBP_JPY 2024-03-27 13:04:00+00:00  190.678  190.683  0.0  0.0   0.032  0.048194       0
30  GBP_JPY 2024-03-27 13:05:00+00:00  190.692  190.676  0.0  0.0   0.025  0.029278       0
2024-03-27 18:37:05 CandleManager() new candle:last_candle:2024-03-27 13:06:00 is_ready:True
2024-03-27 18:37:06 tech_manager: max_rows:32 candle_time:2024-03-27 13:06:00+00:00 granularity:M1
2024-03-27 18:37:06 process_candles:
       PAIR                      time    mid_c    mid_o   SL   TP  SPREAD      GAIN  SIGNAL
26  GBP_JPY 2024-03-27 13:02:00+00:00  190.705  190.704  0.0  0.0   0.028  0.034667       0
27  GBP_JPY 2024-03-27 13:03:00+00:00  190.684  190.706  0.0  0.0   0.028  0.048556       0
28  GBP_JPY 2024-03-27 13:04:00+00:00  190.678  190.683  0.0  0.0   0.032  0.048194       0
29  GBP_JPY 2024-03-27 13:05:00+00:00  190.692  190.676  0.0  0.0   0.025  0.029278       0
30  GBP_JPY 2024-03-27 13:06:00+00:00  190.669  190.694  0.0  0.0   0.032  0.048028       0
2024-03-27 18:38:06 CandleManager() new candle:last_candle:2024-03-27 13:07:00 is_ready:True
2024-03-27 18:38:07 tech_manager: max_rows:32 candle_time:2024-03-27 13:07:00+00:00 granularity:M1
2024-03-27 18:38:07 process_candles:
       PAIR                      time    mid_c    mid_o   SL   TP  SPREAD      GAIN  SIGNAL
26  GBP_JPY 2024-03-27 13:03:00+00:00  190.684  190.706  0.0  0.0   0.028  0.048556       0
27  GBP_JPY 2024-03-27 13:04:00+00:00  190.678  190.683  0.0  0.0   0.032  0.048194       0
28  GBP_JPY 2024-03-27 13:05:00+00:00  190.692  190.676  0.0  0.0   0.025  0.029278       0
29  GBP_JPY 2024-03-27 13:06:00+00:00  190.669  190.694  0.0  0.0   0.032  0.048028       0
30  GBP_JPY 2024-03-27 13:07:00+00:00  190.658  190.671  0.0  0.0   0.031  0.052028       0
2024-03-27 18:39:06 CandleManager() new candle:last_candle:2024-03-27 13:08:00 is_ready:True
2024-03-27 18:39:07 tech_manager: max_rows:32 candle_time:2024-03-27 13:08:00+00:00 granularity:M1
2024-03-27 18:39:08 process_candles:
       PAIR                      time    mid_c    mid_o   SL   TP  SPREAD      GAIN  SIGNAL
26  GBP_JPY 2024-03-27 13:04:00+00:00  190.678  190.683  0.0  0.0   0.032  0.048194       0
27  GBP_JPY 2024-03-27 13:05:00+00:00  190.692  190.676  0.0  0.0   0.025  0.029278       0
28  GBP_JPY 2024-03-27 13:06:00+00:00  190.669  190.694  0.0  0.0   0.032  0.048028       0
29  GBP_JPY 2024-03-27 13:07:00+00:00  190.658  190.671  0.0  0.0   0.031  0.052028       0
30  GBP_JPY 2024-03-27 13:08:00+00:00  190.656  190.659  0.0  0.0   0.031  0.044167       0
2024-03-27 18:40:06 CandleManager() new candle:last_candle:2024-03-27 13:09:00 is_ready:True
2024-03-27 18:40:06 tech_manager: max_rows:32 candle_time:2024-03-27 13:09:00+00:00 granularity:M1
2024-03-27 18:40:07 process_candles:
       PAIR                      time    mid_c    mid_o   SL   TP  SPREAD      GAIN  SIGNAL
26  GBP_JPY 2024-03-27 13:05:00+00:00  190.692  190.676  0.0  0.0   0.025  0.029278       0
27  GBP_JPY 2024-03-27 13:06:00+00:00  190.669  190.694  0.0  0.0   0.032  0.048028       0
28  GBP_JPY 2024-03-27 13:07:00+00:00  190.658  190.671  0.0  0.0   0.031  0.052028       0
29  GBP_JPY 2024-03-27 13:08:00+00:00  190.656  190.659  0.0  0.0   0.031  0.044167       0
30  GBP_JPY 2024-03-27 13:09:00+00:00  190.644  190.657  0.0  0.0   0.031  0.046472       0
2024-03-27 18:41:06 CandleManager() new candle:last_candle:2024-03-27 13:10:00 is_ready:True
2024-03-27 18:41:07 tech_manager: max_rows:32 candle_time:2024-03-27 13:10:00+00:00 granularity:M1
2024-03-27 18:41:07 process_candles:
       PAIR                      time    mid_c    mid_o   SL   TP  SPREAD      GAIN  SIGNAL
26  GBP_JPY 2024-03-27 13:06:00+00:00  190.669  190.694  0.0  0.0   0.032  0.048028       0
27  GBP_JPY 2024-03-27 13:07:00+00:00  190.658  190.671  0.0  0.0   0.031  0.052028       0
28  GBP_JPY 2024-03-27 13:08:00+00:00  190.656  190.659  0.0  0.0   0.031  0.044167       0
29  GBP_JPY 2024-03-27 13:09:00+00:00  190.644  190.657  0.0  0.0   0.031  0.046472       0
30  GBP_JPY 2024-03-27 13:10:00+00:00  190.656  190.644  0.0  0.0   0.029  0.024611       0
2024-03-27 18:42:06 CandleManager() new candle:last_candle:2024-03-27 13:11:00 is_ready:True
2024-03-27 18:42:07 tech_manager: max_rows:32 candle_time:2024-03-27 13:11:00+00:00 granularity:M1
2024-03-27 18:42:08 process_candles:
       PAIR                      time    mid_c    mid_o   SL   TP  SPREAD      GAIN  SIGNAL
26  GBP_JPY 2024-03-27 13:07:00+00:00  190.658  190.671  0.0  0.0   0.031  0.052028       0
27  GBP_JPY 2024-03-27 13:08:00+00:00  190.656  190.659  0.0  0.0   0.031  0.044167       0
28  GBP_JPY 2024-03-27 13:09:00+00:00  190.644  190.657  0.0  0.0   0.031  0.046472       0
29  GBP_JPY 2024-03-27 13:10:00+00:00  190.656  190.644  0.0  0.0   0.029  0.024611       0
30  GBP_JPY 2024-03-27 13:11:00+00:00  190.670  190.654  0.0  0.0   0.023  0.006000       0
2024-03-27 18:43:06 CandleManager() new candle:last_candle:2024-03-27 13:12:00 is_ready:True
2024-03-27 18:43:09 tech_manager: max_rows:32 candle_time:2024-03-27 13:12:00+00:00 granularity:M1
2024-03-27 18:43:09 process_candles:
       PAIR                      time    mid_c    mid_o   SL   TP  SPREAD      GAIN  SIGNAL
26  GBP_JPY 2024-03-27 13:08:00+00:00  190.656  190.659  0.0  0.0   0.031  0.044167       0
27  GBP_JPY 2024-03-27 13:09:00+00:00  190.644  190.657  0.0  0.0   0.031  0.046472       0
28  GBP_JPY 2024-03-27 13:10:00+00:00  190.656  190.644  0.0  0.0   0.029  0.024611       0
29  GBP_JPY 2024-03-27 13:11:00+00:00  190.670  190.654  0.0  0.0   0.023  0.006000       0
30  GBP_JPY 2024-03-27 13:12:00+00:00  190.668  190.671  0.0  0.0   0.020  0.006722       0
2024-03-27 18:44:08 CandleManager() new candle:last_candle:2024-03-27 13:13:00 is_ready:True
2024-03-27 18:44:09 tech_manager: max_rows:32 candle_time:2024-03-27 13:13:00+00:00 granularity:M1
2024-03-27 18:44:09 process_candles:
       PAIR                      time    mid_c    mid_o   SL   TP  SPREAD      GAIN  SIGNAL
26  GBP_JPY 2024-03-27 13:09:00+00:00  190.644  190.657  0.0  0.0   0.031  0.046472       0
27  GBP_JPY 2024-03-27 13:10:00+00:00  190.656  190.644  0.0  0.0   0.029  0.024611       0
28  GBP_JPY 2024-03-27 13:11:00+00:00  190.670  190.654  0.0  0.0   0.023  0.006000       0
29  GBP_JPY 2024-03-27 13:12:00+00:00  190.668  190.671  0.0  0.0   0.020  0.006722       0
30  GBP_JPY 2024-03-27 13:13:00+00:00  190.686  190.666  0.0  0.0   0.028  0.012611       0
2024-03-27 18:45:08 CandleManager() new candle:last_candle:2024-03-27 13:14:00 is_ready:True
2024-03-27 18:45:10 tech_manager: max_rows:32 candle_time:2024-03-27 13:14:00+00:00 granularity:M1
2024-03-27 18:45:10 process_candles:
       PAIR                      time    mid_c    mid_o   SL   TP  SPREAD      GAIN  SIGNAL
26  GBP_JPY 2024-03-27 13:10:00+00:00  190.656  190.644  0.0  0.0   0.029  0.024611       0
27  GBP_JPY 2024-03-27 13:11:00+00:00  190.670  190.654  0.0  0.0   0.023  0.006000       0
28  GBP_JPY 2024-03-27 13:12:00+00:00  190.668  190.671  0.0  0.0   0.020  0.006722       0
29  GBP_JPY 2024-03-27 13:13:00+00:00  190.686  190.666  0.0  0.0   0.028  0.012611       0
30  GBP_JPY 2024-03-27 13:14:00+00:00  190.692  190.686  0.0  0.0   0.030  0.019806       0
2024-03-27 18:46:08 CandleManager() new candle:last_candle:2024-03-27 13:15:00 is_ready:True
2024-03-27 18:46:10 tech_manager: max_rows:32 candle_time:2024-03-27 13:15:00+00:00 granularity:M1
2024-03-27 18:46:10 process_candles:
       PAIR                      time    mid_c    mid_o   SL   TP  SPREAD      GAIN  SIGNAL
26  GBP_JPY 2024-03-27 13:11:00+00:00  190.670  190.654  0.0  0.0   0.023  0.006000       0
27  GBP_JPY 2024-03-27 13:12:00+00:00  190.668  190.671  0.0  0.0   0.020  0.006722       0
28  GBP_JPY 2024-03-27 13:13:00+00:00  190.686  190.666  0.0  0.0   0.028  0.012611       0
29  GBP_JPY 2024-03-27 13:14:00+00:00  190.692  190.686  0.0  0.0   0.030  0.019806       0
30  GBP_JPY 2024-03-27 13:15:00+00:00  190.706  190.692  0.0  0.0   0.031  0.032528       0
2024-03-27 18:47:08 CandleManager() new candle:last_candle:2024-03-27 13:16:00 is_ready:True
2024-03-27 18:47:11 tech_manager: max_rows:32 candle_time:2024-03-27 13:16:00+00:00 granularity:M1
2024-03-27 18:47:11 process_candles:
       PAIR                      time    mid_c    mid_o   SL   TP  SPREAD      GAIN  SIGNAL
26  GBP_JPY 2024-03-27 13:12:00+00:00  190.668  190.671  0.0  0.0   0.020  0.006722       0
27  GBP_JPY 2024-03-27 13:13:00+00:00  190.686  190.666  0.0  0.0   0.028  0.012611       0
28  GBP_JPY 2024-03-27 13:14:00+00:00  190.692  190.686  0.0  0.0   0.030  0.019806       0
29  GBP_JPY 2024-03-27 13:15:00+00:00  190.706  190.692  0.0  0.0   0.031  0.032528       0
30  GBP_JPY 2024-03-27 13:16:00+00:00  190.680  190.707  0.0  0.0   0.025  0.005861       0
2024-03-27 18:48:11 CandleManager() new candle:last_candle:2024-03-27 13:17:00 is_ready:True
2024-03-27 18:48:13 tech_manager: max_rows:32 candle_time:2024-03-27 13:17:00+00:00 granularity:M1
2024-03-27 18:48:13 process_candles:
       PAIR                      time    mid_c    mid_o   SL   TP  SPREAD      GAIN  SIGNAL
26  GBP_JPY 2024-03-27 13:13:00+00:00  190.686  190.666  0.0  0.0   0.028  0.012611       0
27  GBP_JPY 2024-03-27 13:14:00+00:00  190.692  190.686  0.0  0.0   0.030  0.019806       0
28  GBP_JPY 2024-03-27 13:15:00+00:00  190.706  190.692  0.0  0.0   0.031  0.032528       0
29  GBP_JPY 2024-03-27 13:16:00+00:00  190.680  190.707  0.0  0.0   0.025  0.005861       0
30  GBP_JPY 2024-03-27 13:17:00+00:00  190.710  190.678  0.0  0.0   0.031  0.034972       0
