2024-03-27 18:33:51 LogWrapper init() ./logs/main.log 
2024-03-27 18:33:51 Bot started with Trdae Settings:
{'n_ma': 12, 'n_std': 2.5, 'maxspread': 0.0004, 'mingain': 0.0014, 'riskreward': 1.5}
{'n_ma': 12, 'n_std': 2.5, 'maxspread': 0.0004, 'mingain': 0.0014, 'riskreward': 1.5}
{'n_ma': 12, 'n_std': 2.5, 'maxspread': 0.04, 'mingain': 0.14, 'riskreward': 1.5}
{'n_ma': 12, 'n_std': 2.5, 'maxspread': 0.0004, 'mingain': 0.0014, 'riskreward': 1.5}
{'n_ma': 12, 'n_std': 2.5, 'maxspread': 0.0004, 'mingain': 0.0014, 'riskreward': 1.5}

2024-03-27 18:33:52 Bot init()
2024-03-27 18:34:04 process_candles() triggered:['EUR_CHF', 'GBP_JPY', 'GBP_USD']
2024-03-27 18:34:17 process_candles() triggered:['GBP_CHF', 'EUR_GBP']
2024-03-27 18:35:05 process_candles() triggered:['EUR_CHF', 'GBP_JPY', 'GBP_USD', 'EUR_GBP']
2024-03-27 18:35:18 process_candles() triggered:['GBP_CHF']
2024-03-27 18:36:05 process_candles() triggered:['GBP_CHF', 'GBP_JPY', 'GBP_USD', 'EUR_GBP']
2024-03-27 18:36:19 process_candles() triggered:['EUR_CHF']
2024-03-27 18:37:06 process_candles() triggered:['GBP_CHF', 'GBP_JPY', 'GBP_USD', 'EUR_GBP']
2024-03-27 18:37:19 process_candles() triggered:['EUR_CHF']
2024-03-27 18:38:06 process_candles() triggered:['GBP_CHF', 'EUR_CHF', 'GBP_JPY', 'GBP_USD', 'EUR_GBP']
2024-03-27 18:39:06 process_candles() triggered:['GBP_CHF', 'EUR_CHF', 'GBP_JPY', 'GBP_USD', 'EUR_GBP']
2024-03-27 18:40:06 process_candles() triggered:['GBP_JPY', 'GBP_USD']
2024-03-27 18:40:19 process_candles() triggered:['GBP_CHF', 'EUR_CHF', 'EUR_GBP']
2024-03-27 18:41:06 process_candles() triggered:['GBP_CHF', 'EUR_CHF', 'GBP_JPY', 'GBP_USD', 'EUR_GBP']
2024-03-27 18:42:07 process_candles() triggered:['GBP_CHF', 'EUR_CHF', 'GBP_JPY', 'GBP_USD', 'EUR_GBP']
2024-03-27 18:43:07 process_candles() triggered:['GBP_CHF', 'EUR_CHF', 'GBP_JPY', 'GBP_USD', 'EUR_GBP']
2024-03-27 18:43:07 Place Trade:TradeDecision(): GBP_CHF dir:1 gain:0.0002 sl:1.1436 tp:1.1440
2024-03-27 18:43:08 Place Trade:TradeDecision(): EUR_CHF dir:1 gain:0.0001 sl:0.9808 tp:0.9811
2024-03-27 18:44:09 process_candles() triggered:['EUR_CHF', 'GBP_JPY', 'GBP_USD', 'EUR_GBP']
2024-03-27 18:44:22 process_candles() triggered:['GBP_CHF']
2024-03-27 18:45:09 process_candles() triggered:['GBP_CHF', 'EUR_CHF', 'GBP_JPY', 'GBP_USD', 'EUR_GBP']
2024-03-27 18:46:09 process_candles() triggered:['GBP_CHF', 'EUR_CHF', 'GBP_JPY', 'GBP_USD', 'EUR_GBP']
2024-03-27 18:47:09 process_candles() triggered:['GBP_CHF', 'EUR_CHF', 'GBP_JPY', 'GBP_USD', 'EUR_GBP']
2024-03-27 18:47:09 Place Trade:TradeDecision(): GBP_CHF dir:1 gain:0.0004 sl:1.1431 tp:1.1438
2024-03-27 18:47:12 Place Trade:TradeDecision(): EUR_GBP dir:-1 gain:0.0001 sl:0.8578 tp:0.8577
2024-03-27 18:48:12 process_candles() triggered:['GBP_CHF', 'EUR_CHF', 'GBP_JPY', 'GBP_USD', 'EUR_GBP']
